2026-02-10 12:19:09.382 TRACE [http-nio-8080-exec-9] o.s.boot.servlet.filter.OrderedRequestContextFilter - Bound request context to thread: org.apache.catalina.connector.RequestFacade@6a9f2b6b
2026-02-10 12:19:09.384 TRACE [http-nio-8080-exec-9] org.springframework.web.servlet.DispatcherServlet - POST "/api/v1.0/professor/add", parameters={multipart}, headers={masked} in DispatcherServlet 'dispatcherServlet'
2026-02-10 12:19:09.392 TRACE [http-nio-8080-exec-9] o.s.beans.factory.support.DefaultListableBeanFactory - Returning cached instance of singleton bean 'professorController'
2026-02-10 12:19:09.405 TRACE [http-nio-8080-exec-9] o.s.w.s.mvc.method.annotation.RequestMappingHandlerMapping - Mapped to com.example.demo.controller.ProfessorController#addProfessor(String, MultipartFile)
2026-02-10 12:19:09.407 DEBUG [http-nio-8080-exec-9] o.s.orm.jpa.support.OpenEntityManagerInViewInterceptor - Opening JPA EntityManager in OpenEntityManagerInViewInterceptor
2026-02-10 12:19:09.407 DEBUG [http-nio-8080-exec-9] org.hibernate.orm.core - HHH006588: Opening session [tenant=null]
2026-02-10 12:19:09.410 TRACE [http-nio-8080-exec-9] org.hibernate.orm.session - Opened Session [80e837ff-f12a-4574-8cc3-ef1f77fc5d23] at timestamp: 1770706149410
2026-02-10 12:19:09.412 TRACE [http-nio-8080-exec-9] o.s.w.s.m.m.annotation.RequestPartMethodArgumentResolver - Read "application/octet-stream" to ["{
"registerNo" : "43111047",
"name" : "Teja",
"Occupation" : "Assistant Professor "
}"]
2026-02-10 12:19:09.413 TRACE [http-nio-8080-exec-9] org.springframework.web.method.HandlerMethod - Arguments: [{
"registerNo" : "43111047",
"name" : "Teja",
"Occupation" : "Assistant Professor "
}, org.springframework.web.multipart.support.StandardMultipartHttpServletRequest$StandardMultipartFile@38372459]
2026-02-10 12:19:09.416 DEBUG [http-nio-8080-exec-9] o.s.w.servlet.mvc.annotation.ResponseStatusExceptionResolver - Resolved [org.springframework.web.server.ResponseStatusException: 400 BAD_REQUEST "Exception occured while parsing the jsonUnrecognized field "Occupation" (class com.example.demo.io.ProfessorRequest), not marked as ignorable (3 known properties: "name", "registerNo", "occupation"])<EOL> at [Source: REDACTED (`StreamReadFeature.INCLUDE_SOURCE_IN_LOCATION` disabled); line: 4, column: 17] (through reference chain: com.example.demo.io.ProfessorRequest["Occupation"])"]
2026-02-10 12:19:09.417 TRACE [http-nio-8080-exec-9] org.springframework.web.servlet.DispatcherServlet - No view rendering, null ModelAndView returned.
2026-02-10 12:19:09.417 DEBUG [http-nio-8080-exec-9] o.s.orm.jpa.support.OpenEntityManagerInViewInterceptor - Closing JPA EntityManager in OpenEntityManagerInViewInterceptor
2026-02-10 12:19:09.418 TRACE [http-nio-8080-exec-9] org.hibernate.orm.session - Closing session [80e837ff-f12a-4574-8cc3-ef1f77fc5d23]
2026-02-10 12:19:09.419 DEBUG [http-nio-8080-exec-9] org.hibernate.session.metrics - HHH000401: Logging session metrics:
	0 ns acquiring 0 JDBC connections
	0 ns releasing 0 JDBC connections
	0 ns preparing 0 JDBC statements
	0 ns executing 0 JDBC statements
	0 ns executing 0 JDBC batches
	0 ns performing 0 second-level cache puts
	0 ns performing 0 second-level cache hits
	0 ns performing 0 second-level cache misses
	0 ns executing 0 flushes (flushing a total of 0 entities and 0 collections)
	0 ns executing 0 pre-partial-flushes
	0 ns executing 0 partial-flushes (flushing a total of 0 entities and 0 collections)

2026-02-10 12:19:09.419 TRACE [http-nio-8080-exec-9] org.hibernate.orm.resource.registry - HHH10002501: Releasing registered JDBC resources
2026-02-10 12:19:09.419 TRACE [http-nio-8080-exec-9] org.hibernate.orm.resource.jdbc - HHH10003017: Closing logical connection @386753549
2026-02-10 12:19:09.420 TRACE [http-nio-8080-exec-9] org.hibernate.orm.resource.jdbc - HHH10003018: Closed logical connection @386753549
2026-02-10 12:19:09.423 DEBUG [http-nio-8080-exec-9] org.springframework.web.servlet.DispatcherServlet - Completed 400 BAD_REQUEST, headers={}
2026-02-10 12:19:09.424 TRACE [http-nio-8080-exec-9] o.s.boot.servlet.filter.OrderedRequestContextFilter - Cleared thread-bound request context: org.apache.catalina.connector.RequestFacade@6a9f2b6b
2026-02-10 12:19:09.426 TRACE [http-nio-8080-exec-9] o.s.boot.servlet.filter.OrderedRequestContextFilter - Bound request context to thread: org.apache.catalina.core.ApplicationHttpRequest@47dea6db
2026-02-10 12:19:09.426 TRACE [http-nio-8080-exec-9] org.springframework.web.servlet.DispatcherServlet - "ERROR" dispatch for GET "/api/v1.0/error", parameters={multipart}, headers={masked} in DispatcherServlet 'dispatcherServlet'
2026-02-10 12:19:09.428 TRACE [http-nio-8080-exec-9] o.s.w.s.mvc.method.annotation.RequestMappingHandlerMapping - 2 matching mappings: [{ [/error]}, { [/error], produces [text/html]}]
2026-02-10 12:19:09.428 TRACE [http-nio-8080-exec-9] o.s.beans.factory.support.DefaultListableBeanFactory - Returning cached instance of singleton bean 'basicErrorController'
2026-02-10 12:19:09.429 TRACE [http-nio-8080-exec-9] o.s.w.s.mvc.method.annotation.RequestMappingHandlerMapping - Mapped to org.springframework.boot.webmvc.autoconfigure.error.BasicErrorController#error(HttpServletRequest)
2026-02-10 12:19:09.429 DEBUG [http-nio-8080-exec-9] o.s.orm.jpa.support.OpenEntityManagerInViewInterceptor - Opening JPA EntityManager in OpenEntityManagerInViewInterceptor
2026-02-10 12:19:09.429 DEBUG [http-nio-8080-exec-9] org.hibernate.orm.core - HHH006588: Opening session [tenant=null]
2026-02-10 12:19:09.430 TRACE [http-nio-8080-exec-9] org.hibernate.orm.session - Opened Session [d42fb8e2-6d93-4a00-9f10-910b3b97bac2] at timestamp: 1770706149430
2026-02-10 12:19:09.431 TRACE [http-nio-8080-exec-9] org.springframework.web.method.HandlerMethod - Arguments: [org.springframework.web.multipart.support.StandardMultipartHttpServletRequest@6410dfdb]
2026-02-10 12:19:09.432 DEBUG [http-nio-8080-exec-9] o.s.w.s.mvc.method.annotation.HttpEntityMethodProcessor - Using 'application/json', given [*/*] and supported [application/json, application/*+json]
2026-02-10 12:19:09.435 TRACE [http-nio-8080-exec-9] o.s.w.s.mvc.method.annotation.HttpEntityMethodProcessor - Writing [{timestamp=Tue Feb 10 12:19:09 IST 2026, status=400, error=Bad Request, path=/api/v1.0/professor/add}]
2026-02-10 12:19:09.438 TRACE [http-nio-8080-exec-9] o.s.w.s.mvc.method.annotation.RequestMappingHandlerAdapter - Applying default cacheSeconds=-1
2026-02-10 12:19:09.439 TRACE [http-nio-8080-exec-9] org.springframework.web.servlet.DispatcherServlet - No view rendering, null ModelAndView returned.
2026-02-10 12:19:09.440 DEBUG [http-nio-8080-exec-9] o.s.orm.jpa.support.OpenEntityManagerInViewInterceptor - Closing JPA EntityManager in OpenEntityManagerInViewInterceptor
2026-02-10 12:19:09.440 TRACE [http-nio-8080-exec-9] org.hibernate.orm.session - Closing session [d42fb8e2-6d93-4a00-9f10-910b3b97bac2]
2026-02-10 12:19:09.441 DEBUG [http-nio-8080-exec-9] org.hibernate.session.metrics - HHH000401: Logging session metrics:
	0 ns acquiring 0 JDBC connections
	0 ns releasing 0 JDBC connections
	0 ns preparing 0 JDBC statements
	0 ns executing 0 JDBC statements
	0 ns executing 0 JDBC batches
	0 ns performing 0 second-level cache puts
	0 ns performing 0 second-level cache hits
	0 ns performing 0 second-level cache misses
	0 ns executing 0 flushes (flushing a total of 0 entities and 0 collections)
	0 ns executing 0 pre-partial-flushes
	0 ns executing 0 partial-flushes (flushing a total of 0 entities and 0 collections)

2026-02-10 12:19:09.441 TRACE [http-nio-8080-exec-9] org.hibernate.orm.resource.registry - HHH10002501: Releasing registered JDBC resources
2026-02-10 12:19:09.443 TRACE [http-nio-8080-exec-9] org.hibernate.orm.resource.jdbc - HHH10003017: Closing logical connection @211974424
2026-02-10 12:19:09.443 TRACE [http-nio-8080-exec-9] org.hibernate.orm.resource.jdbc - HHH10003018: Closed logical connection @211974424
2026-02-10 12:19:09.444 DEBUG [http-nio-8080-exec-9] org.springframework.web.servlet.DispatcherServlet - Exiting from "ERROR" dispatch, status 400, headers={masked}
2026-02-10 12:19:09.445 TRACE [http-nio-8080-exec-9] o.s.boot.servlet.filter.OrderedRequestContextFilter - Cleared thread-bound request context: org.apache.catalina.core.ApplicationHttpRequest@47dea6db
2026-02-10 12:19:12.631 DEBUG [HikariPool-1:housekeeper] com.zaxxer.hikari.pool.HikariPool - HikariPool-1 - Pool stats (total=10/10, idle=10/10, active=0, waiting=0)
2026-02-10 12:19:12.631 DEBUG [HikariPool-1:housekeeper] com.zaxxer.hikari.pool.HikariPool - HikariPool-1 - Fill pool skipped, pool has sufficient level or currently being filled.
2026-02-10 12:19:17.254 DEBUG [idle-connection-reaper] o.apache.http.impl.conn.PoolingHttpClientConnectionManager - Closing connections idle longer than 60000 MILLISECONDS
2026-02-10 12:27:15.190 DEBUG com.zaxxer.hikari.pool.HikariPool - HikariPool-1 - keepalive: connection com.mysql.cj.jdbc.ConnectionImpl@2577c5d1 is alive
2026-02-10 12:27:17.435 DEBUG com.zaxxer.hikari.pool.HikariPool - HikariPool-1 - Pool stats (total=10/10, idle=10/10, active=0, waiting=0)
2026-02-10 12:27:17.435 DEBUG com.zaxxer.hikari.pool.HikariPool - HikariPool-1 - Fill pool skipped, pool has sufficient level or currently being filled.
2026-02-10 12:27:20.230 DEBUG o.a.h.i.c.PoolingHttpClientConnectionManager - Closing connections idle longer than 60000 MILLISECONDS
