2026-02-28 10:16:01.754 INFO  com.example.demo.DemoApplication - Starting DemoApplication using Java 22.0.1 with PID 9340 (C:\Spring boot\SpringStarter\report-research-project-new\report-research-project\target\classes started by HP in C:\Spring boot\SpringStarter\report-research-project-new\report-research-project)
2026-02-28 10:16:01.758 DEBUG com.example.demo.DemoApplication - Running with Spring Boot v4.0.2, Spring v7.0.3
2026-02-28 10:16:01.760 INFO  com.example.demo.DemoApplication - No active profile set, falling back to 1 default profile: "default"
2026-02-28 10:16:02.952 INFO  o.s.d.r.c.RepositoryConfigurationDelegate - Multiple Spring Data modules found, entering strict repository configuration mode
2026-02-28 10:16:02.954 INFO  o.s.d.r.c.RepositoryConfigurationDelegate - Bootstrapping Spring Data JDBC repositories in DEFAULT mode.
2026-02-28 10:16:03.007 INFO  o.s.d.r.c.RepositoryConfigurationExtensionSupport - Spring Data JDBC - Could not safely identify store assignment for repository candidate interface com.example.demo.repository.ApplicationRepository; If you want this repository to be a JDBC repository, consider annotating your entities with one of these annotations: org.springframework.data.relational.core.mapping.Table.
2026-02-28 10:16:03.012 INFO  o.s.d.r.c.RepositoryConfigurationExtensionSupport - Spring Data JDBC - Could not safely identify store assignment for repository candidate interface com.example.demo.repository.CenterRepository; If you want this repository to be a JDBC repository, consider annotating your entities with one of these annotations: org.springframework.data.relational.core.mapping.Table.
2026-02-28 10:16:03.016 INFO  o.s.d.r.c.RepositoryConfigurationExtensionSupport - Spring Data JDBC - Could not safely identify store assignment for repository candidate interface com.example.demo.repository.ProfessorRepository; If you want this repository to be a JDBC repository, consider annotating your entities with one of these annotations: org.springframework.data.relational.core.mapping.Table.
2026-02-28 10:16:03.019 INFO  o.s.d.r.c.RepositoryConfigurationExtensionSupport - Spring Data JDBC - Could not safely identify store assignment for repository candidate interface com.example.demo.repository.ProjectRepository; If you want this repository to be a JDBC repository, consider annotating your entities with one of these annotations: org.springframework.data.relational.core.mapping.Table.
2026-02-28 10:16:03.024 INFO  o.s.d.r.c.RepositoryConfigurationExtensionSupport - Spring Data JDBC - Could not safely identify store assignment for repository candidate interface com.example.demo.repository.UserRepository; If you want this repository to be a JDBC repository, consider annotating your entities with one of these annotations: org.springframework.data.relational.core.mapping.Table.
2026-02-28 10:16:03.025 INFO  o.s.d.r.c.RepositoryConfigurationDelegate - Finished Spring Data repository scanning in 61 ms. Found 0 JDBC repository interfaces.
2026-02-28 10:16:03.048 INFO  o.s.d.r.c.RepositoryConfigurationDelegate - Multiple Spring Data modules found, entering strict repository configuration mode
2026-02-28 10:16:03.050 INFO  o.s.d.r.c.RepositoryConfigurationDelegate - Bootstrapping Spring Data JPA repositories in DEFAULT mode.
2026-02-28 10:16:03.112 INFO  o.s.d.r.c.RepositoryConfigurationDelegate - Finished Spring Data repository scanning in 55 ms. Found 5 JPA repository interfaces.
2026-02-28 10:16:04.406 INFO  o.s.boot.tomcat.TomcatWebServer - Tomcat initialized with port 8080 (http)
2026-02-28 10:16:04.418 INFO  o.a.coyote.http11.Http11NioProtocol - Initializing ProtocolHandler ["http-nio-8080"]
2026-02-28 10:16:04.420 INFO  o.a.catalina.core.StandardService - Starting service [Tomcat]
2026-02-28 10:16:04.421 INFO  o.a.catalina.core.StandardEngine - Starting Servlet engine: [Apache Tomcat/11.0.15]
2026-02-28 10:16:04.507 INFO  o.s.b.w.c.s.WebApplicationContextInitializer - Root WebApplicationContext: initialization completed in 2661 ms
2026-02-28 10:16:04.817 INFO  org.hibernate.orm.jpa - HHH008540: Processing PersistenceUnitInfo [name: default]
2026-02-28 10:16:04.891 INFO  org.hibernate.orm.core - HHH000001: Hibernate ORM core version 7.2.1.Final
2026-02-28 10:16:05.858 INFO  o.s.o.j.p.SpringPersistenceUnitInfo - No LoadTimeWeaver setup: ignoring JPA class transformer
2026-02-28 10:16:05.899 INFO  com.zaxxer.hikari.HikariDataSource - HikariPool-1 - Starting...
2026-02-28 10:16:07.875 WARN  org.hibernate.orm.jdbc.error - HHH000247: ErrorCode: 1045, SQLState: 28000
2026-02-28 10:16:07.876 WARN  org.hibernate.orm.jdbc.error - Access denied for user 'root'@'localhost' (using password: YES)
2026-02-28 10:16:07.878 WARN  org.hibernate.orm.jdbc - HHH100046: Could not obtain connection to query JDBC database metadata
org.hibernate.exception.AuthException: Unable to obtain isolated JDBC connection [Access denied for user 'root'@'localhost' (using password: YES)] [n/a]
	at org.hibernate.exception.internal.SQLStateConversionDelegate.convert(SQLStateConversionDelegate.java:87)
	at org.hibernate.exception.internal.StandardSQLExceptionConverter.convert(StandardSQLExceptionConverter.java:34)
	at org.hibernate.engine.jdbc.spi.SqlExceptionHelper.convert(SqlExceptionHelper.java:115)
	at org.hibernate.engine.jdbc.spi.SqlExceptionHelper.convert(SqlExceptionHelper.java:101)
	at org.hibernate.resource.transaction.backend.jdbc.internal.JdbcIsolationDelegate.delegateWork(JdbcIsolationDelegate.java:51)
	at org.hibernate.engine.jdbc.env.internal.JdbcEnvironmentInitiator.getJdbcEnvironmentUsingJdbcMetadata(JdbcEnvironmentInitiator.java:366)
	at org.hibernate.engine.jdbc.env.internal.JdbcEnvironmentInitiator.getJdbcEnvironment(JdbcEnvironmentInitiator.java:143)
	at org.hibernate.engine.jdbc.env.internal.JdbcEnvironmentInitiator.initiateService(JdbcEnvironmentInitiator.java:120)
	at org.hibernate.engine.jdbc.env.internal.JdbcEnvironmentInitiator.initiateService(JdbcEnvironmentInitiator.java:80)
	at org.hibernate.boot.registry.internal.StandardServiceRegistryImpl.initiateService(StandardServiceRegistryImpl.java:133)
	at org.hibernate.service.internal.AbstractServiceRegistryImpl.createService(AbstractServiceRegistryImpl.java:260)
	at org.hibernate.service.internal.AbstractServiceRegistryImpl.initializeService(AbstractServiceRegistryImpl.java:235)
	at org.hibernate.service.internal.AbstractServiceRegistryImpl.getService(AbstractServiceRegistryImpl.java:212)
	at org.hibernate.boot.model.relational.Database.<init>(Database.java:44)
	at org.hibernate.boot.internal.InFlightMetadataCollectorImpl.getDatabase(InFlightMetadataCollectorImpl.java:251)
	at org.hibernate.boot.internal.InFlightMetadataCollectorImpl.<init>(InFlightMetadataCollectorImpl.java:203)
	at org.hibernate.boot.model.process.spi.MetadataBuildingProcess.complete(MetadataBuildingProcess.java:170)
	at org.hibernate.jpa.boot.internal.EntityManagerFactoryBuilderImpl.metadata(EntityManagerFactoryBuilderImpl.java:1392)
	at org.hibernate.jpa.boot.internal.EntityManagerFactoryBuilderImpl.populateSessionFactoryBuilder(EntityManagerFactoryBuilderImpl.java:1472)
	at org.hibernate.jpa.boot.internal.EntityManagerFactoryBuilderImpl.build(EntityManagerFactoryBuilderImpl.java:1454)
	at org.springframework.orm.jpa.vendor.SpringHibernateJpaPersistenceProvider.createContainerEntityManagerFactory(SpringHibernateJpaPersistenceProvider.java:66)
	at org.springframework.orm.jpa.LocalContainerEntityManagerFactoryBean.createNativeEntityManagerFactory(LocalContainerEntityManagerFactoryBean.java:433)
	at org.springframework.orm.jpa.AbstractEntityManagerFactoryBean.buildNativeEntityManagerFactory(AbstractEntityManagerFactoryBean.java:416)
	at org.springframework.orm.jpa.AbstractEntityManagerFactoryBean.afterPropertiesSet(AbstractEntityManagerFactoryBean.java:396)
	at org.springframework.orm.jpa.LocalContainerEntityManagerFactoryBean.afterPropertiesSet(LocalContainerEntityManagerFactoryBean.java:409)
	at org.springframework.beans.factory.support.AbstractAutowireCapableBeanFactory.invokeInitMethods(AbstractAutowireCapableBeanFactory.java:1864)
	at org.springframework.beans.factory.support.AbstractAutowireCapableBeanFactory.initializeBean(AbstractAutowireCapableBeanFactory.java:1813)
	at org.springframework.beans.factory.support.AbstractAutowireCapableBeanFactory.doCreateBean(AbstractAutowireCapableBeanFactory.java:603)
	at org.springframework.beans.factory.support.AbstractAutowireCapableBeanFactory.createBean(AbstractAutowireCapableBeanFactory.java:525)
	at org.springframework.beans.factory.support.AbstractBeanFactory.lambda$doGetBean$0(AbstractBeanFactory.java:333)
	at org.springframework.beans.factory.support.DefaultSingletonBeanRegistry.getSingleton(DefaultSingletonBeanRegistry.java:371)
	at org.springframework.beans.factory.support.AbstractBeanFactory.doGetBean(AbstractBeanFactory.java:331)
	at org.springframework.beans.factory.support.AbstractBeanFactory.getBean(AbstractBeanFactory.java:201)
	at org.springframework.context.support.AbstractApplicationContext.finishBeanFactoryInitialization(AbstractApplicationContext.java:976)
	at org.springframework.context.support.AbstractApplicationContext.refresh(AbstractApplicationContext.java:620)
	at org.springframework.boot.web.server.servlet.context.ServletWebServerApplicationContext.refresh(ServletWebServerApplicationContext.java:143)
	at org.springframework.boot.SpringApplication.refresh(SpringApplication.java:756)
	at org.springframework.boot.SpringApplication.refreshContext(SpringApplication.java:445)
	at org.springframework.boot.SpringApplication.run(SpringApplication.java:321)
	at org.springframework.boot.SpringApplication.run(SpringApplication.java:1365)
	at org.springframework.boot.SpringApplication.run(SpringApplication.java:1354)
	at com.example.demo.DemoApplication.main(DemoApplication.java:10)
Caused by: java.sql.SQLException: Access denied for user 'root'@'localhost' (using password: YES)
	at com.mysql.cj.jdbc.exceptions.SQLError.createSQLException(SQLError.java:121)
	at com.mysql.cj.jdbc.exceptions.SQLExceptionsMapping.translateException(SQLExceptionsMapping.java:114)
	at com.mysql.cj.jdbc.ConnectionImpl.createNewIO(ConnectionImpl.java:840)
	at com.mysql.cj.jdbc.ConnectionImpl.<init>(ConnectionImpl.java:416)
	at com.mysql.cj.jdbc.ConnectionImpl.getInstance(ConnectionImpl.java:237)
	at com.mysql.cj.jdbc.NonRegisteringDriver.connect(NonRegisteringDriver.java:180)
	at com.zaxxer.hikari.util.DriverDataSource.getConnection(DriverDataSource.java:144)
	at com.zaxxer.hikari.pool.PoolBase.newConnection(PoolBase.java:373)
	at com.zaxxer.hikari.pool.PoolBase.newPoolEntry(PoolBase.java:210)
	at com.zaxxer.hikari.pool.HikariPool.createPoolEntry(HikariPool.java:488)
	at com.zaxxer.hikari.pool.HikariPool.checkFailFast(HikariPool.java:576)
	at com.zaxxer.hikari.pool.HikariPool.<init>(HikariPool.java:97)
	at com.zaxxer.hikari.HikariDataSource.getConnection(HikariDataSource.java:111)
	at org.hibernate.engine.jdbc.connections.internal.DataSourceConnectionProvider.getConnection(DataSourceConnectionProvider.java:137)
	at org.hibernate.engine.jdbc.env.internal.JdbcEnvironmentInitiator$ConnectionProviderJdbcConnectionAccess.obtainConnection(JdbcEnvironmentInitiator.java:508)
	at org.hibernate.resource.transaction.backend.jdbc.internal.JdbcIsolationDelegate.delegateWork(JdbcIsolationDelegate.java:48)
	... 37 common frames omitted
2026-02-28 10:16:07.905 ERROR o.s.o.j.LocalContainerEntityManagerFactoryBean - Failed to initialize JPA EntityManagerFactory: Unable to create requested service [org.hibernate.engine.jdbc.env.spi.JdbcEnvironment] due to: Unable to determine Dialect without JDBC metadata (please set 'jakarta.persistence.jdbc.url' for common cases or 'hibernate.dialect' when a custom Dialect implementation must be provided)
2026-02-28 10:16:07.910 WARN  o.s.b.w.s.s.c.AnnotationConfigServletWebServerApplicationContext - Exception encountered during context initialization - cancelling refresh attempt: org.springframework.beans.factory.BeanCreationException: Error creating bean with name 'entityManagerFactory' defined in class path resource [org/springframework/boot/hibernate/autoconfigure/HibernateJpaConfiguration.class]: Unable to create requested service [org.hibernate.engine.jdbc.env.spi.JdbcEnvironment] due to: Unable to determine Dialect without JDBC metadata (please set 'jakarta.persistence.jdbc.url' for common cases or 'hibernate.dialect' when a custom Dialect implementation must be provided)
2026-02-28 10:16:07.920 INFO  o.a.catalina.core.StandardService - Stopping service [Tomcat]
2026-02-28 10:16:07.939 INFO  o.s.b.a.l.ConditionEvaluationReportLogger - 

Error starting ApplicationContext. To display the condition evaluation report re-run your application with 'debug' enabled.
2026-02-28 10:16:07.968 ERROR o.s.boot.SpringApplication - Application run failed
org.springframework.beans.factory.BeanCreationException: Error creating bean with name 'entityManagerFactory' defined in class path resource [org/springframework/boot/hibernate/autoconfigure/HibernateJpaConfiguration.class]: Unable to create requested service [org.hibernate.engine.jdbc.env.spi.JdbcEnvironment] due to: Unable to determine Dialect without JDBC metadata (please set 'jakarta.persistence.jdbc.url' for common cases or 'hibernate.dialect' when a custom Dialect implementation must be provided)
	at org.springframework.beans.factory.support.AbstractAutowireCapableBeanFactory.initializeBean(AbstractAutowireCapableBeanFactory.java:1817)
	at org.springframework.beans.factory.support.AbstractAutowireCapableBeanFactory.doCreateBean(AbstractAutowireCapableBeanFactory.java:603)
	at org.springframework.beans.factory.support.AbstractAutowireCapableBeanFactory.createBean(AbstractAutowireCapableBeanFactory.java:525)
	at org.springframework.beans.factory.support.AbstractBeanFactory.lambda$doGetBean$0(AbstractBeanFactory.java:333)
	at org.springframework.beans.factory.support.DefaultSingletonBeanRegistry.getSingleton(DefaultSingletonBeanRegistry.java:371)
	at org.springframework.beans.factory.support.AbstractBeanFactory.doGetBean(AbstractBeanFactory.java:331)
	at org.springframework.beans.factory.support.AbstractBeanFactory.getBean(AbstractBeanFactory.java:201)
	at org.springframework.context.support.AbstractApplicationContext.finishBeanFactoryInitialization(AbstractApplicationContext.java:976)
	at org.springframework.context.support.AbstractApplicationContext.refresh(AbstractApplicationContext.java:620)
	at org.springframework.boot.web.server.servlet.context.ServletWebServerApplicationContext.refresh(ServletWebServerApplicationContext.java:143)
	at org.springframework.boot.SpringApplication.refresh(SpringApplication.java:756)
	at org.springframework.boot.SpringApplication.refreshContext(SpringApplication.java:445)
	at org.springframework.boot.SpringApplication.run(SpringApplication.java:321)
	at org.springframework.boot.SpringApplication.run(SpringApplication.java:1365)
	at org.springframework.boot.SpringApplication.run(SpringApplication.java:1354)
	at com.example.demo.DemoApplication.main(DemoApplication.java:10)
Caused by: org.hibernate.service.spi.ServiceException: Unable to create requested service [org.hibernate.engine.jdbc.env.spi.JdbcEnvironment] due to: Unable to determine Dialect without JDBC metadata (please set 'jakarta.persistence.jdbc.url' for common cases or 'hibernate.dialect' when a custom Dialect implementation must be provided)
	at org.hibernate.service.internal.AbstractServiceRegistryImpl.createService(AbstractServiceRegistryImpl.java:273)
	at org.hibernate.service.internal.AbstractServiceRegistryImpl.initializeService(AbstractServiceRegistryImpl.java:235)
	at org.hibernate.service.internal.AbstractServiceRegistryImpl.getService(AbstractServiceRegistryImpl.java:212)
	at org.hibernate.boot.model.relational.Database.<init>(Database.java:44)
	at org.hibernate.boot.internal.InFlightMetadataCollectorImpl.getDatabase(InFlightMetadataCollectorImpl.java:251)
	at org.hibernate.boot.internal.InFlightMetadataCollectorImpl.<init>(InFlightMetadataCollectorImpl.java:203)
	at org.hibernate.boot.model.process.spi.MetadataBuildingProcess.complete(MetadataBuildingProcess.java:170)
	at org.hibernate.jpa.boot.internal.EntityManagerFactoryBuilderImpl.metadata(EntityManagerFactoryBuilderImpl.java:1392)
	at org.hibernate.jpa.boot.internal.EntityManagerFactoryBuilderImpl.populateSessionFactoryBuilder(EntityManagerFactoryBuilderImpl.java:1472)
	at org.hibernate.jpa.boot.internal.EntityManagerFactoryBuilderImpl.build(EntityManagerFactoryBuilderImpl.java:1454)
	at org.springframework.orm.jpa.vendor.SpringHibernateJpaPersistenceProvider.createContainerEntityManagerFactory(SpringHibernateJpaPersistenceProvider.java:66)
	at org.springframework.orm.jpa.LocalContainerEntityManagerFactoryBean.createNativeEntityManagerFactory(LocalContainerEntityManagerFactoryBean.java:433)
	at org.springframework.orm.jpa.AbstractEntityManagerFactoryBean.buildNativeEntityManagerFactory(AbstractEntityManagerFactoryBean.java:416)
	at org.springframework.orm.jpa.AbstractEntityManagerFactoryBean.afterPropertiesSet(AbstractEntityManagerFactoryBean.java:396)
	at org.springframework.orm.jpa.LocalContainerEntityManagerFactoryBean.afterPropertiesSet(LocalContainerEntityManagerFactoryBean.java:409)
	at org.springframework.beans.factory.support.AbstractAutowireCapableBeanFactory.invokeInitMethods(AbstractAutowireCapableBeanFactory.java:1864)
	at org.springframework.beans.factory.support.AbstractAutowireCapableBeanFactory.initializeBean(AbstractAutowireCapableBeanFactory.java:1813)
	... 15 common frames omitted
Caused by: org.hibernate.HibernateException: Unable to determine Dialect without JDBC metadata (please set 'jakarta.persistence.jdbc.url' for common cases or 'hibernate.dialect' when a custom Dialect implementation must be provided)
	at org.hibernate.engine.jdbc.dialect.internal.DialectFactoryImpl.determineDialect(DialectFactoryImpl.java:190)
	at org.hibernate.engine.jdbc.dialect.internal.DialectFactoryImpl.buildDialect(DialectFactoryImpl.java:86)
	at org.hibernate.engine.jdbc.env.internal.JdbcEnvironmentInitiator.getJdbcEnvironmentWithDefaults(JdbcEnvironmentInitiator.java:200)
	at org.hibernate.engine.jdbc.env.internal.JdbcEnvironmentInitiator.getJdbcEnvironmentUsingJdbcMetadata(JdbcEnvironmentInitiator.java:452)
	at org.hibernate.engine.jdbc.env.internal.JdbcEnvironmentInitiator.getJdbcEnvironment(JdbcEnvironmentInitiator.java:143)
	at org.hibernate.engine.jdbc.env.internal.JdbcEnvironmentInitiator.initiateService(JdbcEnvironmentInitiator.java:120)
	at org.hibernate.engine.jdbc.env.internal.JdbcEnvironmentInitiator.initiateService(JdbcEnvironmentInitiator.java:80)
	at org.hibernate.boot.registry.internal.StandardServiceRegistryImpl.initiateService(StandardServiceRegistryImpl.java:133)
	at org.hibernate.service.internal.AbstractServiceRegistryImpl.createService(AbstractServiceRegistryImpl.java:260)
	... 31 common frames omitted
2026-02-28 10:16:44.322 INFO  com.example.demo.DemoApplication - Starting DemoApplication using Java 22.0.1 with PID 19616 (C:\Spring boot\SpringStarter\report-research-project-new\report-research-project\target\classes started by HP in C:\Spring boot\SpringStarter\report-research-project-new\report-research-project)
2026-02-28 10:16:44.325 DEBUG com.example.demo.DemoApplication - Running with Spring Boot v4.0.2, Spring v7.0.3
2026-02-28 10:16:44.326 INFO  com.example.demo.DemoApplication - No active profile set, falling back to 1 default profile: "default"
2026-02-28 10:16:46.070 INFO  o.s.d.r.c.RepositoryConfigurationDelegate - Multiple Spring Data modules found, entering strict repository configuration mode
2026-02-28 10:16:46.072 INFO  o.s.d.r.c.RepositoryConfigurationDelegate - Bootstrapping Spring Data JDBC repositories in DEFAULT mode.
2026-02-28 10:16:46.119 INFO  o.s.d.r.c.RepositoryConfigurationExtensionSupport - Spring Data JDBC - Could not safely identify store assignment for repository candidate interface com.example.demo.repository.ApplicationRepository; If you want this repository to be a JDBC repository, consider annotating your entities with one of these annotations: org.springframework.data.relational.core.mapping.Table.
2026-02-28 10:16:46.123 INFO  o.s.d.r.c.RepositoryConfigurationExtensionSupport - Spring Data JDBC - Could not safely identify store assignment for repository candidate interface com.example.demo.repository.CenterRepository; If you want this repository to be a JDBC repository, consider annotating your entities with one of these annotations: org.springframework.data.relational.core.mapping.Table.
2026-02-28 10:16:46.126 INFO  o.s.d.r.c.RepositoryConfigurationExtensionSupport - Spring Data JDBC - Could not safely identify store assignment for repository candidate interface com.example.demo.repository.ProfessorRepository; If you want this repository to be a JDBC repository, consider annotating your entities with one of these annotations: org.springframework.data.relational.core.mapping.Table.
2026-02-28 10:16:46.130 INFO  o.s.d.r.c.RepositoryConfigurationExtensionSupport - Spring Data JDBC - Could not safely identify store assignment for repository candidate interface com.example.demo.repository.ProjectRepository; If you want this repository to be a JDBC repository, consider annotating your entities with one of these annotations: org.springframework.data.relational.core.mapping.Table.
2026-02-28 10:16:46.134 INFO  o.s.d.r.c.RepositoryConfigurationExtensionSupport - Spring Data JDBC - Could not safely identify store assignment for repository candidate interface com.example.demo.repository.UserRepository; If you want this repository to be a JDBC repository, consider annotating your entities with one of these annotations: org.springframework.data.relational.core.mapping.Table.
2026-02-28 10:16:46.135 INFO  o.s.d.r.c.RepositoryConfigurationDelegate - Finished Spring Data repository scanning in 54 ms. Found 0 JDBC repository interfaces.
2026-02-28 10:16:46.159 INFO  o.s.d.r.c.RepositoryConfigurationDelegate - Multiple Spring Data modules found, entering strict repository configuration mode
2026-02-28 10:16:46.161 INFO  o.s.d.r.c.RepositoryConfigurationDelegate - Bootstrapping Spring Data JPA repositories in DEFAULT mode.
2026-02-28 10:16:46.243 INFO  o.s.d.r.c.RepositoryConfigurationDelegate - Finished Spring Data repository scanning in 73 ms. Found 5 JPA repository interfaces.
2026-02-28 10:16:47.361 INFO  o.s.boot.tomcat.TomcatWebServer - Tomcat initialized with port 8080 (http)
2026-02-28 10:16:47.382 INFO  o.a.coyote.http11.Http11NioProtocol - Initializing ProtocolHandler ["http-nio-8080"]
2026-02-28 10:16:47.385 INFO  o.a.catalina.core.StandardService - Starting service [Tomcat]
2026-02-28 10:16:47.387 INFO  o.a.catalina.core.StandardEngine - Starting Servlet engine: [Apache Tomcat/11.0.15]
2026-02-28 10:16:47.477 INFO  o.s.b.w.c.s.WebApplicationContextInitializer - Root WebApplicationContext: initialization completed in 3000 ms
2026-02-28 10:16:47.779 INFO  org.hibernate.orm.jpa - HHH008540: Processing PersistenceUnitInfo [name: default]
2026-02-28 10:16:47.842 INFO  org.hibernate.orm.core - HHH000001: Hibernate ORM core version 7.2.1.Final
2026-02-28 10:16:48.714 INFO  o.s.o.j.p.SpringPersistenceUnitInfo - No LoadTimeWeaver setup: ignoring JPA class transformer
2026-02-28 10:16:48.754 INFO  com.zaxxer.hikari.HikariDataSource - HikariPool-1 - Starting...
2026-02-28 10:16:49.181 INFO  com.zaxxer.hikari.pool.HikariPool - HikariPool-1 - Added connection com.mysql.cj.jdbc.ConnectionImpl@516b84d1
2026-02-28 10:16:49.183 INFO  com.zaxxer.hikari.HikariDataSource - HikariPool-1 - Start completed.
2026-02-28 10:16:49.355 INFO  o.hibernate.orm.connections.pooling - HHH10001005: Database info:
	Database JDBC URL [jdbc:mysql://localhost:3306/research_register]
	Database driver: MySQL Connector/J
	Database dialect: MySQLDialect
	Database version: 8.0.41
	Default catalog/schema: research_register/undefined
	Autocommit mode: undefined/unknown
	Isolation level: REPEATABLE_READ [default REPEATABLE_READ]
	JDBC fetch size: none
	Pool: DataSourceConnectionProvider
	Minimum pool size: undefined/unknown
	Maximum pool size: undefined/unknown
2026-02-28 10:16:50.977 INFO  org.hibernate.orm.core - HHH000489: No JTA platform available (set 'hibernate.transaction.jta.platform' to enable JTA platform integration)
2026-02-28 10:16:51.890 INFO  o.s.o.j.LocalContainerEntityManagerFactoryBean - Initialized JPA EntityManagerFactory for persistence unit 'default'
2026-02-28 10:16:52.085 INFO  o.s.d.j.r.q.QueryEnhancerFactories - Hibernate is in classpath; If applicable, HQL parser will be used.
2026-02-28 10:16:52.345 INFO  com.example.demo.config.AWSConfig - Initializing AWS S3 Client...
2026-02-28 10:16:52.346 INFO  com.example.demo.config.AWSConfig - AWS Region set to: ap-southeast-2
2026-02-28 10:16:52.351 INFO  com.example.demo.config.AWSConfig - AWS Credentials loaded successfully.
2026-02-28 10:16:53.161 INFO  com.example.demo.config.AWSConfig - AWS S3 Client initialized successfully.
2026-02-28 10:16:53.394 WARN  o.s.b.j.a.JpaBaseConfiguration$JpaWebConfiguration - spring.jpa.open-in-view is enabled by default. Therefore, database queries may be performed during view rendering. Explicitly configure spring.jpa.open-in-view to disable this warning
2026-02-28 10:16:53.435 INFO  o.s.b.w.a.WelcomePageHandlerMapping - Adding welcome page template: index
2026-02-28 10:16:54.300 INFO  o.a.coyote.http11.Http11NioProtocol - Starting ProtocolHandler ["http-nio-8080"]
2026-02-28 10:16:54.324 INFO  o.s.boot.tomcat.TomcatWebServer - Tomcat started on port 8080 (http) with context path '/api/v1.0'
2026-02-28 10:16:54.331 INFO  com.example.demo.DemoApplication - Started DemoApplication in 11.101 seconds (process running for 11.767)
2026-02-28 10:26:08.334 INFO  o.a.c.c.C.[.[localhost].[/api/v1.0] - Initializing Spring DispatcherServlet 'dispatcherServlet'
2026-02-28 10:26:08.336 INFO  o.s.web.servlet.DispatcherServlet - Initializing Servlet 'dispatcherServlet'
2026-02-28 10:26:08.340 INFO  o.s.web.servlet.DispatcherServlet - Completed initialization in 2 ms
2026-02-28 10:27:21.336 INFO  c.e.d.s.i.FileUploadServiceImpl - Starting S3 upload to bucket: billing-software-ajaym (region: ap-southeast-2) | file: 1ed25784-b217-4bbb-9adb-d0221b2ffeb5.webp, size: 92364 bytes
2026-02-28 10:27:21.337 INFO  c.e.d.s.i.FileUploadServiceImpl - FileName extension is : webp
2026-02-28 10:27:21.338 INFO  c.e.d.s.i.FileUploadServiceImpl - Generated S3 object key: 5253f366-c2fc-4f07-9f09-d144fd17f591.webp (Bucket: [billing-software-ajaym])
2026-02-28 10:27:24.771 INFO  c.e.d.s.i.FileUploadServiceImpl - PutObjectResponse(ETag="f2e0f9991ddc6535cb82fdfcc965109d", ChecksumCRC32=l2I0jA==, ChecksumType=FULL_OBJECT, ServerSideEncryption=AES256)
2026-02-28 10:27:24.773 INFO  c.e.d.s.i.FileUploadServiceImpl - File uploaded successfully to S3 bucket: billing-software-ajaym | URL: https://billing-software-ajaym.s3.ap-southeast-2.amazonaws.com/5253f366-c2fc-4f07-9f09-d144fd17f591.webp
2026-02-28 10:37:45.634 INFO  c.e.d.s.i.FileUploadServiceImpl - Starting S3 upload to bucket: billing-software-ajaym (region: ap-southeast-2) | file: 024c191f-b3bd-4220-9905-0fe7c0ca14fe.webp, size: 93196 bytes
2026-02-28 10:37:45.635 INFO  c.e.d.s.i.FileUploadServiceImpl - FileName extension is : webp
2026-02-28 10:37:45.636 INFO  c.e.d.s.i.FileUploadServiceImpl - Generated S3 object key: 93c266eb-2607-4d29-856a-9d0960467c13.webp (Bucket: [billing-software-ajaym])
2026-02-28 10:37:47.722 INFO  c.e.d.s.i.FileUploadServiceImpl - PutObjectResponse(ETag="78acb901ebe9aa594eff1b1f1b02a031", ChecksumCRC32=wSvUEg==, ChecksumType=FULL_OBJECT, ServerSideEncryption=AES256)
2026-02-28 10:37:47.723 INFO  c.e.d.s.i.FileUploadServiceImpl - File uploaded successfully to S3 bucket: billing-software-ajaym | URL: https://billing-software-ajaym.s3.ap-southeast-2.amazonaws.com/93c266eb-2607-4d29-856a-9d0960467c13.webp
2026-02-28 10:40:52.143 INFO  c.e.d.controller.StudentController - {
  "name": "Ravi Kumar",
  "registerNo": "43111415",
  "email": "ravi@gmail.com",
  "phoneNumber": "9876543210",
  "branch": "CSE",
  "course": "BTech",
  "Year": "3",
  "graduation": "2026",
  "projectId": "P005"
}
2026-02-28 10:54:44.646 INFO  c.e.d.controller.StudentController - {
  "name": "Ravi Kumar",
  "registerNo": "43111415",
  "email": "ravi@gmail.com",
  "phoneNumber": "9876543210",
  "branch": "CSE",
  "course": "BTech",
  "Year": "3",
  "graduation": "2026",
  "projectId": "P005"
}
2026-02-28 10:56:08.908 INFO  c.e.d.controller.StudentController - {
  "name": "Ravi Kumar",
  "registerNo": "43111415",
  "email": "ravi@gmail.com",
  "phoneNumber": "9876543210",
  "branch": "CSE",
  "course": "BTech",
  "Year": "3",
  "graduation": "2026",
  "projectId": "P005"
}
2026-02-28 10:59:51.212 INFO  com.example.demo.DemoApplication - Starting DemoApplication using Java 22.0.1 with PID 21756 (C:\Spring boot\SpringStarter\report-research-project-new\report-research-project\target\classes started by HP in C:\Spring boot\SpringStarter\report-research-project-new\report-research-project)
2026-02-28 10:59:51.225 DEBUG com.example.demo.DemoApplication - Running with Spring Boot v4.0.2, Spring v7.0.3
2026-02-28 10:59:51.228 INFO  com.example.demo.DemoApplication - No active profile set, falling back to 1 default profile: "default"
2026-02-28 10:59:54.458 INFO  o.s.d.r.c.RepositoryConfigurationDelegate - Multiple Spring Data modules found, entering strict repository configuration mode
2026-02-28 10:59:54.460 INFO  o.s.d.r.c.RepositoryConfigurationDelegate - Bootstrapping Spring Data JDBC repositories in DEFAULT mode.
2026-02-28 10:59:54.516 INFO  o.s.d.r.c.RepositoryConfigurationExtensionSupport - Spring Data JDBC - Could not safely identify store assignment for repository candidate interface com.example.demo.repository.ApplicationRepository; If you want this repository to be a JDBC repository, consider annotating your entities with one of these annotations: org.springframework.data.relational.core.mapping.Table.
2026-02-28 10:59:54.520 INFO  o.s.d.r.c.RepositoryConfigurationExtensionSupport - Spring Data JDBC - Could not safely identify store assignment for repository candidate interface com.example.demo.repository.CenterRepository; If you want this repository to be a JDBC repository, consider annotating your entities with one of these annotations: org.springframework.data.relational.core.mapping.Table.
2026-02-28 10:59:54.523 INFO  o.s.d.r.c.RepositoryConfigurationExtensionSupport - Spring Data JDBC - Could not safely identify store assignment for repository candidate interface com.example.demo.repository.ProfessorRepository; If you want this repository to be a JDBC repository, consider annotating your entities with one of these annotations: org.springframework.data.relational.core.mapping.Table.
2026-02-28 10:59:54.528 INFO  o.s.d.r.c.RepositoryConfigurationExtensionSupport - Spring Data JDBC - Could not safely identify store assignment for repository candidate interface com.example.demo.repository.ProjectRepository; If you want this repository to be a JDBC repository, consider annotating your entities with one of these annotations: org.springframework.data.relational.core.mapping.Table.
2026-02-28 10:59:54.531 INFO  o.s.d.r.c.RepositoryConfigurationExtensionSupport - Spring Data JDBC - Could not safely identify store assignment for repository candidate interface com.example.demo.repository.UserRepository; If you want this repository to be a JDBC repository, consider annotating your entities with one of these annotations: org.springframework.data.relational.core.mapping.Table.
2026-02-28 10:59:54.532 INFO  o.s.d.r.c.RepositoryConfigurationDelegate - Finished Spring Data repository scanning in 59 ms. Found 0 JDBC repository interfaces.
2026-02-28 10:59:54.554 INFO  o.s.d.r.c.RepositoryConfigurationDelegate - Multiple Spring Data modules found, entering strict repository configuration mode
2026-02-28 10:59:54.555 INFO  o.s.d.r.c.RepositoryConfigurationDelegate - Bootstrapping Spring Data JPA repositories in DEFAULT mode.
2026-02-28 10:59:54.640 INFO  o.s.d.r.c.RepositoryConfigurationDelegate - Finished Spring Data repository scanning in 72 ms. Found 5 JPA repository interfaces.
2026-02-28 10:59:56.249 INFO  o.s.boot.tomcat.TomcatWebServer - Tomcat initialized with port 8080 (http)
2026-02-28 10:59:56.263 INFO  o.a.coyote.http11.Http11NioProtocol - Initializing ProtocolHandler ["http-nio-8080"]
2026-02-28 10:59:56.266 INFO  o.a.catalina.core.StandardService - Starting service [Tomcat]
2026-02-28 10:59:56.268 INFO  o.a.catalina.core.StandardEngine - Starting Servlet engine: [Apache Tomcat/11.0.15]
2026-02-28 10:59:56.364 INFO  o.s.b.w.c.s.WebApplicationContextInitializer - Root WebApplicationContext: initialization completed in 4908 ms
2026-02-28 10:59:56.735 INFO  org.hibernate.orm.jpa - HHH008540: Processing PersistenceUnitInfo [name: default]
2026-02-28 10:59:56.808 INFO  org.hibernate.orm.core - HHH000001: Hibernate ORM core version 7.2.1.Final
2026-02-28 10:59:58.299 INFO  o.s.o.j.p.SpringPersistenceUnitInfo - No LoadTimeWeaver setup: ignoring JPA class transformer
2026-02-28 10:59:58.338 INFO  com.zaxxer.hikari.HikariDataSource - HikariPool-1 - Starting...
2026-02-28 10:59:58.765 INFO  com.zaxxer.hikari.pool.HikariPool - HikariPool-1 - Added connection com.mysql.cj.jdbc.ConnectionImpl@4822ab4d
2026-02-28 10:59:58.770 INFO  com.zaxxer.hikari.HikariDataSource - HikariPool-1 - Start completed.
2026-02-28 10:59:58.869 INFO  o.hibernate.orm.connections.pooling - HHH10001005: Database info:
	Database JDBC URL [jdbc:mysql://localhost:3306/research_register]
	Database driver: MySQL Connector/J
	Database dialect: MySQLDialect
	Database version: 8.0.41
	Default catalog/schema: research_register/undefined
	Autocommit mode: undefined/unknown
	Isolation level: REPEATABLE_READ [default REPEATABLE_READ]
	JDBC fetch size: none
	Pool: DataSourceConnectionProvider
	Minimum pool size: undefined/unknown
	Maximum pool size: undefined/unknown
2026-02-28 11:00:00.524 INFO  org.hibernate.orm.core - HHH000489: No JTA platform available (set 'hibernate.transaction.jta.platform' to enable JTA platform integration)
2026-02-28 11:00:00.683 INFO  o.s.o.j.LocalContainerEntityManagerFactoryBean - Initialized JPA EntityManagerFactory for persistence unit 'default'
2026-02-28 11:00:00.833 INFO  o.s.d.j.r.q.QueryEnhancerFactories - Hibernate is in classpath; If applicable, HQL parser will be used.
2026-02-28 11:00:01.071 INFO  com.example.demo.config.AWSConfig - Initializing AWS S3 Client...
2026-02-28 11:00:01.072 INFO  com.example.demo.config.AWSConfig - AWS Region set to: ap-southeast-2
2026-02-28 11:00:01.075 INFO  com.example.demo.config.AWSConfig - AWS Credentials loaded successfully.
2026-02-28 11:00:01.821 INFO  com.example.demo.config.AWSConfig - AWS S3 Client initialized successfully.
2026-02-28 11:00:02.095 WARN  o.s.b.j.a.JpaBaseConfiguration$JpaWebConfiguration - spring.jpa.open-in-view is enabled by default. Therefore, database queries may be performed during view rendering. Explicitly configure spring.jpa.open-in-view to disable this warning
2026-02-28 11:00:02.161 INFO  o.s.b.w.a.WelcomePageHandlerMapping - Adding welcome page template: index
2026-02-28 11:00:03.356 INFO  o.a.coyote.http11.Http11NioProtocol - Starting ProtocolHandler ["http-nio-8080"]
2026-02-28 11:00:03.425 INFO  o.s.boot.tomcat.TomcatWebServer - Tomcat started on port 8080 (http) with context path '/api/v1.0'
2026-02-28 11:00:03.439 INFO  com.example.demo.DemoApplication - Started DemoApplication in 14.658 seconds (process running for 15.679)
2026-02-28 11:00:07.249 INFO  o.a.c.c.C.[.[localhost].[/api/v1.0] - Initializing Spring DispatcherServlet 'dispatcherServlet'
2026-02-28 11:00:07.250 INFO  o.s.web.servlet.DispatcherServlet - Initializing Servlet 'dispatcherServlet'
2026-02-28 11:00:07.254 INFO  o.s.web.servlet.DispatcherServlet - Completed initialization in 2 ms
2026-02-28 11:00:07.495 INFO  c.e.d.controller.StudentController - Received application request: {
  "name": "Ravi Kumar",
  "registerNo": "43111415",
  "email": "ravi@gmail.com",
  "phoneNumber": "9876543210",
  "branch": "CSE",
  "course": "BTech",
  "Year": "3",
  "graduation": "2026",
  "projectId": "P005"
}
2026-02-28 11:00:07.702 ERROR c.e.d.controller.StudentController - JSON parsing failed: Unrecognized field "Year" (class com.example.demo.io.ApplicationRequest), not marked as ignorable (9 known properties: "branch", "registerNo", "phoneNumber", "name", "email", "year", "graduation", "projectId", "course"])
 at [Source: REDACTED (`StreamReadFeature.INCLUDE_SOURCE_IN_LOCATION` disabled); line: 8, column: 12] (through reference chain: com.example.demo.io.ApplicationRequest["Year"])
2026-02-28 11:04:52.306 INFO  c.e.d.controller.StudentController - Received application request: {
  "name": "Ravi Kumar",
  "registerNo": "43111415",
  "email": "ravi@gmail.com",
  "phoneNumber": "9876543210",
  "branch": "CSE",
  "course": "BTech",
  "year": "3",
  "graduation": "2026",
  "projectId": "P005"
}
2026-02-28 11:04:52.312 INFO  c.e.d.s.i.ApplicationsServiceImpl - Starting application creation for student: 43111415
2026-02-28 11:04:52.313 INFO  c.e.d.s.i.FileUploadServiceImpl - Starting S3 upload to bucket: billing-software-ajaym (region: ap-southeast-2) | file: Bongu Kishor-Sathyabama 2nd Year.pdf, size: 357347 bytes
2026-02-28 11:04:52.314 INFO  c.e.d.s.i.FileUploadServiceImpl - FileName extension is : pdf
2026-02-28 11:04:52.316 INFO  c.e.d.s.i.FileUploadServiceImpl - Generated S3 object key: 58fd551e-c2b5-4001-8f81-1778a0437699.pdf (Bucket: [billing-software-ajaym])
2026-02-28 11:04:55.353 INFO  c.e.d.s.i.FileUploadServiceImpl - PutObjectResponse(ETag="2f386a25b2f96f85a49367f98b39888f", ChecksumCRC32=LZKlEg==, ChecksumType=FULL_OBJECT, ServerSideEncryption=AES256)
2026-02-28 11:04:55.355 INFO  c.e.d.s.i.FileUploadServiceImpl - File uploaded successfully to S3 bucket: billing-software-ajaym | URL: https://billing-software-ajaym.s3.ap-southeast-2.amazonaws.com/58fd551e-c2b5-4001-8f81-1778a0437699.pdf
2026-02-28 11:04:55.355 INFO  c.e.d.s.i.ApplicationsServiceImpl - Resume uploaded successfully. URL: https://billing-software-ajaym.s3.ap-southeast-2.amazonaws.com/58fd551e-c2b5-4001-8f81-1778a0437699.pdf
2026-02-28 11:04:56.745 INFO  c.e.d.s.i.ApplicationsServiceImpl - Project found: P005
2026-02-28 11:04:56.879 INFO  c.e.d.s.i.ApplicationsServiceImpl - Application saved successfully with ID: 1
